<?xml version="1.0" encoding="UTF-8"?>
<testsuite xmlns:xsi="http://www.w3.org/2001/XMLSchema-instance" xsi:noNamespaceSchemaLocation="https://maven.apache.org/surefire/maven-surefire-plugin/xsd/surefire-test-report-3.0.xsd" version="3.0" name="com.twitter.tests.TwitterOpenAppTest" time="11.483" tests="1" errors="0" skipped="0" failures="0">
  <properties>
[...]
</properties>
  <testcase name="openTwitterAppTest" classname="com.twitter.tests.TwitterOpenAppTest" time="11.427">
    <system-out><![CDATA[El driver se ha configurado correctamente.
Iniciando la prueba para abrir la app de Twitter...
La app de Twitter se ha abierto correctamente.
Finalizando la sesión de Appium...
La sesión de Appium se cerró correctamente.
]]></system-out>
    <system-err><![CDATA[sept 16, 2024 9:17:55 P. M. io.appium.java_client.remote.AppiumCommandExecutor$1 lambda$0
INFO: Detected dialect: W3C
]]></system-err>
  </testcase>
</testsuite>